TN:
SF:/home/oed/code/uport-identity/contracts/IdentityFactory.sol
FN:15,CreateProxyWithControllerAndRecovery
FNF:1
FNH:1
FNDA:1,CreateProxyWithControllerAndRecovery
DA:16,1
DA:17,1
DA:18,1
DA:19,1
DA:20,1
DA:22,1
DA:23,1
LF:7
LH:7
BRF:0
BRH:0
end_of_record
TN:
SF:/home/oed/code/uport-identity/contracts/IdentityFactoryWithRecoveryKey.sol
FN:16,CreateProxyWithControllerAndRecoveryKey
FNF:1
FNH:1
FNDA:1,CreateProxyWithControllerAndRecoveryKey
DA:17,1
DA:18,1
DA:19,1
DA:20,1
DA:22,1
DA:23,1
DA:24,1
LF:7
LH:7
BRF:0
BRH:0
end_of_record
TN:
SF:/home/oed/code/uport-identity/contracts/IdentityManager.sol
FN:51,onlyOwner
FN:56,onlyOlderOwner
FN:61,onlyRecovery
FN:66,rateLimited
FN:73,validAddress
FN:82,IdentityManager
FN:92,createIdentity
FN:103,registerIdentity
FN:111,forwardTo
FN:116,addOwner
FN:122,addOwnerFromRecovery
FN:129,removeOwner
FN:135,changeRecovery
FN:145,initiateMigration
FN:155,cancelMigration
FN:165,finalizeMigration
FN:175,isOwner
FN:179,isRecovery
FNF:18
FNH:18
FNDA:12,onlyOwner
FNDA:49,onlyOlderOwner
FNDA:9,onlyRecovery
FNDA:41,rateLimited
FNDA:41,validAddress
FNDA:9,IdentityManager
FNDA:29,createIdentity
FNDA:2,registerIdentity
FNDA:6,forwardTo
FNDA:20,addOwner
FNDA:8,addOwnerFromRecovery
FNDA:3,removeOwner
FNDA:3,changeRecovery
FNDA:6,initiateMigration
FNDA:2,cancelMigration
FNDA:2,finalizeMigration
FNDA:10,isOwner
FNDA:2,isRecovery
DA:52,12
DA:57,49
DA:62,9
DA:67,41
DA:68,35
DA:69,35
DA:74,41
DA:83,9
DA:84,9
DA:85,9
DA:93,29
DA:95,29
DA:96,29
DA:106,1
DA:107,1
DA:112,6
DA:117,20
DA:118,20
DA:123,8
DA:124,7
DA:125,7
DA:130,3
DA:131,3
DA:140,3
DA:141,3
DA:149,6
DA:150,6
DA:151,6
DA:156,2
DA:157,2
DA:158,2
DA:159,2
DA:166,2
DA:167,2
DA:168,2
DA:169,2
DA:170,2
DA:171,2
DA:176,10
DA:180,2
LF:40
LH:40
BRDA:52,1,0,8
BRDA:52,1,1,4
BRDA:57,2,0,41
BRDA:57,2,1,8
BRDA:62,3,0,8
BRDA:62,3,1,1
BRDA:67,4,0,35
BRDA:67,4,1,6
BRDA:74,5,0,40
BRDA:74,5,1,1
BRDA:104,6,0,1
BRDA:104,6,1,1
BRDA:123,7,0,1
BRDA:123,7,1,7
BRDA:166,8,0,2
BRDA:166,8,1,0
BRF:16
BRH:15
end_of_record
TN:
SF:/home/oed/code/uport-identity/contracts/libs/ArrayLib.sol
FN:5,findAddress
FN:14,removeAddress
FNF:2
FNH:1
FNDA:0,findAddress
FNDA:10,removeAddress
DA:6,0
DA:7,0
DA:8,0
DA:11,0
DA:15,10
DA:16,10
DA:17,10
DA:18,10
LF:8
LH:4
BRDA:7,1,0,0
BRDA:7,1,1,0
BRF:2
BRH:0
end_of_record
TN:
SF:/home/oed/code/uport-identity/contracts/libs/Owned.sol
FN:6,onlyOwner
FN:13,Owned
FN:15,isOwner
FN:17,transfer
FNF:4
FNH:4
FNDA:54,onlyOwner
FNDA:142,Owned
FNDA:59,isOwner
FNDA:17,transfer
DA:7,54
DA:8,3
DA:10,51
DA:18,17
DA:19,16
LF:5
LH:5
BRDA:7,1,0,3
BRDA:7,1,1,51
BRDA:18,2,0,16
BRDA:18,2,1,1
BRF:4
BRH:4
end_of_record
TN:
SF:/home/oed/code/uport-identity/contracts/MetaIdentityManager.sol
FN:53,onlyAuthorized
FN:58,onlyOwner
FN:63,onlyOlderOwner
FN:68,onlyRecovery
FN:73,rateLimited
FN:80,validAddress
FN:90,MetaIdentityManager
FN:101,createIdentity
FN:112,registerIdentity
FN:120,forwardTo
FN:128,addOwner
FN:138,addOwnerFromRecovery
FN:149,removeOwner
FN:159,changeRecovery
FN:170,initiateMigration
FN:180,cancelMigration
FN:190,finalizeMigration
FN:202,checkMessageData
FN:210,isOwner
FN:214,isRecovery
FNF:20
FNH:20
FNDA:142,onlyAuthorized
FNDA:26,onlyOwner
FNDA:96,onlyOlderOwner
FNDA:19,onlyRecovery
FNDA:83,rateLimited
FNDA:75,validAddress
FNDA:47,MetaIdentityManager
FNDA:65,createIdentity
FNDA:3,registerIdentity
FNDA:15,forwardTo
FNDA:40,addOwner
FNDA:16,addOwnerFromRecovery
FNDA:6,removeOwner
FNDA:6,changeRecovery
FNDA:11,initiateMigration
FNDA:4,cancelMigration
FNDA:4,finalizeMigration
FNDA:77,checkMessageData
FNDA:28,isOwner
FNDA:2,isRecovery
DA:54,142
DA:59,26
DA:64,96
DA:69,19
DA:74,83
DA:75,69
DA:76,69
DA:81,75
DA:91,47
DA:92,47
DA:93,47
DA:94,47
DA:102,65
DA:104,65
DA:105,65
DA:115,2
DA:116,2
DA:124,15
DA:133,40
DA:134,40
DA:143,16
DA:144,15
DA:145,15
DA:154,6
DA:155,6
DA:165,6
DA:166,6
DA:174,11
DA:175,11
DA:176,11
DA:181,4
DA:182,4
DA:183,4
DA:184,4
DA:191,4
DA:192,4
DA:193,4
DA:194,4
DA:195,4
DA:196,4
DA:203,77
DA:204,77
DA:211,28
DA:215,2
LF:44
LH:44
BRDA:54,1,0,141
BRDA:54,1,1,1
BRDA:59,2,0,19
BRDA:59,2,1,7
BRDA:64,3,0,80
BRDA:64,3,1,16
BRDA:69,4,0,18
BRDA:69,4,1,1
BRDA:74,5,0,69
BRDA:74,5,1,14
BRDA:81,6,0,74
BRDA:81,6,1,1
BRDA:113,7,0,1
BRDA:113,7,1,2
BRDA:143,8,0,1
BRDA:143,8,1,15
BRDA:191,9,0,4
BRDA:191,9,1,0
BRDA:203,10,0,0
BRDA:203,10,1,77
BRF:20
BRH:18
end_of_record
TN:
SF:/home/oed/code/uport-identity/contracts/misc/MetaTestRegistry.sol
FN:9,register
FN:13,testThrow
FNF:2
FNH:2
FNDA:102,register
FNDA:1,testThrow
DA:10,102
DA:14,1
LF:2
LH:2
BRF:0
BRH:0
end_of_record
TN:
SF:/home/oed/code/uport-identity/contracts/misc/TestRegistry.sol
FN:9,register
FN:13,reallyLongFunctionName
FN:22,testThrow
FNF:3
FNH:3
FNDA:21,register
FNDA:1,reallyLongFunctionName
FNDA:1,testThrow
DA:10,21
DA:19,1
DA:23,1
LF:3
LH:3
BRF:0
BRH:0
end_of_record
TN:
SF:/home/oed/code/uport-identity/contracts/Proxy.sol
FN:9,
FN:11,forward
FNF:2
FNH:2
FNDA:1,
FNDA:34,forward
DA:12,34
DA:13,6
DA:15,28
LF:3
LH:3
BRDA:12,1,0,6
BRDA:12,1,1,28
BRF:2
BRH:2
end_of_record
TN:
SF:/home/oed/code/uport-identity/contracts/RecoverableController.sol
FN:25,onlyUserKey
FN:28,onlyRecoveryKey
FN:32,RecoverableController
FN:41,forward
FN:46,signRecoveryChange
FN:52,changeRecovery
FN:60,signControllerChange
FN:66,changeController
FN:74,signUserKeyChange
FN:80,changeUserKey
FN:88,changeRecoveryFromRecovery
FN:90,changeUserKeyFromRecovery
FNF:12
FNH:12
FNDA:8,onlyUserKey
FNDA:15,onlyRecoveryKey
FNDA:10,RecoverableController
FNDA:1,forward
FNDA:1,signRecoveryChange
FNDA:2,changeRecovery
FNDA:1,signControllerChange
FNDA:2,changeController
FNDA:1,signUserKeyChange
FNDA:2,changeUserKey
FNDA:9,changeRecoveryFromRecovery
FNDA:4,changeUserKeyFromRecovery
DA:26,8
DA:29,15
DA:33,10
DA:34,10
DA:35,10
DA:36,10
DA:37,10
DA:38,10
DA:42,1
DA:47,1
DA:48,1
DA:49,1
DA:53,2
DA:54,1
DA:55,1
DA:61,1
DA:62,1
DA:63,1
DA:67,2
DA:68,1
DA:69,1
DA:75,1
DA:76,1
DA:77,1
DA:81,2
DA:82,1
DA:83,1
DA:84,1
DA:91,4
DA:92,4
LF:30
LH:30
BRDA:26,1,0,4
BRDA:26,1,1,4
BRDA:29,2,0,13
BRDA:29,2,1,2
BRDA:53,3,0,1
BRDA:53,3,1,1
BRDA:67,4,0,1
BRDA:67,4,1,1
BRDA:81,5,0,1
BRDA:81,5,1,1
BRF:10
BRH:10
end_of_record
TN:
SF:/home/oed/code/uport-identity/contracts/RecoveryQuorum.sol
FN:21,onlyUserKey
FN:25,RecoveryQuorum
FN:40,signUserChange
FN:48,changeUserKey
FN:61,replaceDelegates
FN:72,collectedSignatures
FN:81,getAddresses
FN:85,neededSignatures
FN:95,addDelegate
FN:107,removeDelegate
FN:118,garbageCollect
FN:130,delegateRecordExists
FN:134,delegateIsDeleted
FN:138,delegateIsCurrent
FN:142,delegateHasValidSignature
FNF:15
FNH:15
FNDA:15,onlyUserKey
FNDA:7,RecoveryQuorum
FNDA:38,signUserChange
FNDA:39,changeUserKey
FNDA:14,replaceDelegates
FNDA:48,collectedSignatures
FNDA:13,getAddresses
FNDA:39,neededSignatures
FNDA:42,addDelegate
FNDA:11,removeDelegate
FNDA:14,garbageCollect
FNDA:1106,delegateRecordExists
FNDA:1086,delegateIsDeleted
FNDA:1026,delegateIsCurrent
FNDA:533,delegateHasValidSignature
DA:22,15
DA:26,7
DA:27,7
DA:28,48
DA:29,1
DA:31,47
DA:32,47
DA:41,38
DA:42,37
DA:43,37
DA:44,37
DA:49,39
DA:50,3
DA:51,3
DA:53,34
DA:54,14
DA:56,34
DA:62,14
DA:63,11
DA:65,14
DA:66,14
DA:67,42
DA:69,14
DA:73,48
DA:74,533
DA:76,59
DA:82,13
DA:87,39
DA:88,493
DA:89,279
DA:92,39
DA:96,42
DA:98,36
DA:103,36
DA:108,11
DA:110,11
DA:111,4
DA:113,7
DA:119,14
DA:120,14
DA:121,60
DA:122,10
DA:123,10
DA:125,50
DA:131,1106
DA:139,1026
DA:143,533
LF:47
LH:47
BRDA:22,1,0,14
BRDA:22,1,1,1
BRDA:28,2,0,1
BRDA:28,2,1,47
BRDA:41,3,0,37
BRDA:41,3,1,1
BRDA:49,4,0,3
BRDA:49,4,1,36
BRDA:53,5,0,14
BRDA:53,5,1,20
BRDA:74,6,0,59
BRDA:74,6,1,474
BRDA:88,7,0,279
BRDA:88,7,1,214
BRDA:96,8,0,36
BRDA:96,8,1,6
BRDA:108,9,0,11
BRDA:108,9,1,0
BRDA:110,10,0,4
BRDA:110,10,1,7
BRDA:121,11,0,10
BRDA:121,11,1,50
BRF:22
BRH:21
end_of_record
TN:
SF:/home/oed/code/uport-identity/contracts/TxRelay.sol
FN:20,relayMetaTx
FN:43,getAddress
FN:58,getNonce
FNF:3
FNH:3
FNDA:170,relayMetaTx
FNDA:190,getAddress
FNDA:177,getNonce
DA:23,170
DA:25,170
DA:26,170
DA:28,170
DA:32,167
DA:44,190
DA:45,189
DA:59,177
LF:8
LH:8
BRDA:28,1,0,3
BRDA:28,1,1,167
BRDA:32,2,0,19
BRDA:32,2,1,148
BRDA:44,3,0,1
BRDA:44,3,1,189
BRF:6
BRH:6
end_of_record
