TN:
SF:/home/oed/self/uport-identity/contracts/IdentityManager.sol
FN:52,onlyOwner
FN:57,onlyOlderOwner
FN:62,onlyRecovery
FN:67,rateLimited
FN:73,validAddress
FN:82,IdentityManager
FN:92,createIdentity
FN:103,registerIdentity
FN:111,forwardTo
FN:116,addOwner
FN:122,addOwnerFromRecovery
FN:129,removeOwner
FN:135,changeRecovery
FN:145,initiateMigration
FN:155,cancelMigration
FN:165,finalizeMigration
FN:174,isOwner
FN:178,isOlderOwner
FN:182,isRecovery
FNF:19
FNH:19
FNDA:11,onlyOwner
FNDA:54,onlyOlderOwner
FNDA:9,onlyRecovery
FNDA:44,rateLimited
FNDA:44,validAddress
FNDA:11,IdentityManager
FNDA:31,createIdentity
FNDA:2,registerIdentity
FNDA:5,forwardTo
FNDA:22,addOwner
FNDA:8,addOwnerFromRecovery
FNDA:4,removeOwner
FNDA:3,changeRecovery
FNDA:7,initiateMigration
FNDA:2,cancelMigration
FNDA:3,finalizeMigration
FNDA:23,isOwner
FNDA:55,isOlderOwner
FNDA:2,isRecovery
DA:53,11
DA:54,7
DA:58,54
DA:59,46
DA:63,9
DA:64,8
DA:68,44
DA:69,38
DA:70,38
DA:74,44
DA:75,43
DA:83,11
DA:84,11
DA:85,11
DA:93,31
DA:95,31
DA:96,31
DA:106,1
DA:107,1
DA:112,5
DA:117,22
DA:118,22
DA:123,8
DA:124,7
DA:125,7
DA:130,4
DA:131,4
DA:140,3
DA:141,3
DA:149,7
DA:150,7
DA:151,7
DA:156,2
DA:157,2
DA:158,2
DA:159,2
DA:166,3
DA:167,2
DA:168,2
DA:169,2
DA:170,2
DA:171,2
DA:175,23
DA:179,55
DA:183,2
LF:45
LH:45
BRF:0
BRH:0
end_of_record
TN:
SF:/home/oed/self/uport-identity/contracts/libs/Owned.sol
FN:6,onlyOwner
FN:11,Owned
FN:13,isOwner
FN:15,transfer
FNF:4
FNH:4
FNDA:42,onlyOwner
FNDA:143,Owned
FNDA:47,isOwner
FNDA:8,transfer
DA:7,42
DA:8,39
DA:16,8
DA:17,7
LF:4
LH:4
BRDA:16,1,0,7
BRDA:16,1,1,1
BRF:2
BRH:2
end_of_record
TN:
SF:/home/oed/self/uport-identity/contracts/MetaIdentityManager.sol
FN:53,onlyAuthorized
FN:58,onlyOwner
FN:63,onlyOlderOwner
FN:68,onlyRecovery
FN:73,rateLimited
FN:79,validAddress
FN:89,MetaIdentityManager
FN:100,createIdentity
FN:111,registerIdentity
FN:119,forwardTo
FN:127,addOwner
FN:137,addOwnerFromRecovery
FN:148,removeOwner
FN:158,changeRecovery
FN:169,initiateMigration
FN:179,cancelMigration
FN:192,finalizeMigration
FN:203,checkMessageData
FN:211,isOwner
FN:215,isOlderOwner
FN:219,isRecovery
FNF:21
FNH:21
FNDA:147,onlyAuthorized
FNDA:26,onlyOwner
FNDA:101,onlyOlderOwner
FNDA:19,onlyRecovery
FNDA:86,rateLimited
FNDA:80,validAddress
FNDA:48,MetaIdentityManager
FNDA:70,createIdentity
FNDA:3,registerIdentity
FNDA:14,forwardTo
FNDA:42,addOwner
FNDA:16,addOwnerFromRecovery
FNDA:7,removeOwner
FNDA:6,changeRecovery
FNDA:12,initiateMigration
FNDA:4,cancelMigration
FNDA:5,finalizeMigration
FNDA:81,checkMessageData
FNDA:46,isOwner
FNDA:103,isOlderOwner
FNDA:2,isRecovery
DA:54,147
DA:55,146
DA:59,26
DA:60,18
DA:64,101
DA:65,85
DA:69,19
DA:70,18
DA:74,86
DA:75,72
DA:76,72
DA:80,80
DA:81,79
DA:90,48
DA:91,48
DA:92,48
DA:93,48
DA:101,70
DA:103,70
DA:104,70
DA:114,2
DA:115,2
DA:123,14
DA:132,42
DA:133,42
DA:142,16
DA:143,15
DA:144,15
DA:153,7
DA:154,7
DA:164,6
DA:165,6
DA:173,12
DA:174,12
DA:175,12
DA:183,4
DA:184,4
DA:185,4
DA:186,4
DA:193,5
DA:194,4
DA:195,4
DA:196,4
DA:197,4
DA:198,4
DA:204,81
DA:205,81
DA:212,46
DA:216,103
DA:220,2
LF:50
LH:50
BRDA:204,1,0,0
BRDA:204,1,1,81
BRF:2
BRH:1
end_of_record
TN:
SF:/home/oed/self/uport-identity/contracts/misc/MetaTestRegistry.sol
FN:9,register
FNF:1
FNH:1
FNDA:12,register
DA:10,12
LF:1
LH:1
BRF:0
BRH:0
end_of_record
TN:
SF:/home/oed/self/uport-identity/contracts/misc/TestRegistry.sol
FN:10,register
FN:14,reallyLongFunctionName
FN:25,testThrow
FNF:3
FNH:3
FNDA:17,register
FNDA:2,reallyLongFunctionName
FNDA:1,testThrow
DA:11,17
DA:20,2
DA:21,2
DA:22,2
DA:26,1
LF:5
LH:5
BRF:0
BRH:0
end_of_record
TN:
SF:/home/oed/self/uport-identity/contracts/Proxy.sol
FN:9,
FN:11,forward
FNF:2
FNH:2
FNDA:1,
FNDA:31,forward
DA:12,31
DA:13,25
LF:2
LH:2
BRF:0
BRH:0
end_of_record
TN:
SF:/home/oed/self/uport-identity/contracts/TxRelay.sol
FN:20,relayMetaTx
FN:48,getAddress
FN:63,getNonce
FNF:3
FNH:3
FNDA:80,relayMetaTx
FNDA:100,getAddress
FNDA:87,getNonce
DA:28,80
DA:30,80
DA:31,80
DA:33,80
DA:37,77
DA:49,100
DA:50,99
DA:64,87
LF:8
LH:8
BRDA:37,1,0,19
BRDA:37,1,1,58
BRDA:49,2,0,1
BRDA:49,2,1,99
BRF:4
BRH:4
end_of_record
